2017-03-27 10:59:03 DEBUG HelloExample:17 - This is debug : FB
2017-03-27 10:59:03 INFO  HelloExample:21 - This is info : FB
2017-03-27 10:59:03 WARN  HelloExample:24 - This is warn : FB
2017-03-27 10:59:03 ERROR HelloExample:25 - This is error : FB
2017-03-27 10:59:03 FATAL HelloExample:26 - This is fatal : FB
2017-03-27 10:59:19 DEBUG HelloExample:17 - This is debug : message
2017-03-27 10:59:19 INFO  HelloExample:21 - This is info : message
2017-03-27 10:59:19 WARN  HelloExample:24 - This is warn : message
2017-03-27 10:59:19 ERROR HelloExample:25 - This is error : message
2017-03-27 10:59:19 FATAL HelloExample:26 - This is fatal : message
2017-03-27 10:59:51 DEBUG HelloExample:17 - This is debug : message
2017-03-27 10:59:51 INFO  HelloExample:21 - This is info : message
2017-03-27 10:59:51 WARN  HelloExample:24 - This is warn : message
2017-03-27 10:59:51 ERROR HelloExample:25 - This is error : message
2017-03-27 10:59:51 FATAL HelloExample:26 - This is fatal : message
2017-03-27 10:59:59 DEBUG HelloExample:17 - This is debug : message
2017-03-27 10:59:59 INFO  HelloExample:21 - This is info : message
2017-03-27 10:59:59 WARN  HelloExample:24 - This is warn : message
2017-03-27 10:59:59 ERROR HelloExample:25 - This is error : message
2017-03-27 10:59:59 FATAL HelloExample:26 - This is fatal : message
